---------------------------------------------------------------
[ 2018-09-23T16:27:35+08:00 ] 117.181.251.158 GET /yitaibi_ml3k9o/public/index.php/start_game/Questions/getGlobalInfo
[ sql ] [ DB ] CONNECT:[ UseTime:0.001264s ] mysql:host=localhost;port=3306;dbname=yitaibi;charset=utf8mb4
[ sql ] [ SQL ] SHOW COLUMNS FROM `jb_register` [ RunTime:0.024123s ]
[ sql ] [ SQL ] SELECT * FROM `jb_register` WHERE  `phone` IS NULL LIMIT 1 [ RunTime:0.000521s ]
[ sql ] [ SQL ] SHOW COLUMNS FROM `jb_activity` [ RunTime:0.000938s ]
[ sql ] [ SQL ] SELECT * FROM `jb_activity` WHERE  `status` = 1 ORDER BY `stime` DESC LIMIT 1 [ RunTime:0.000354s ]
[ sql ] [ SQL ] SHOW COLUMNS FROM `jb_theme_file` [ RunTime:0.000872s ]
[ sql ] [ SQL ] SELECT `more` FROM `jb_theme_file` WHERE  `theme` = 'simpleboot3'  AND (  `is_public` = 1 OR `file` = 'start_game/home' ) [ RunTime:0.000313s ]
---------------------------------------------------------------
[ 2018-09-23T16:27:36+08:00 ] 117.181.251.158 GET /yitaibi_ml3k9o/public/index.php/start_game/register/login.html
[ sql ] [ DB ] CONNECT:[ UseTime:0.000611s ] mysql:host=localhost;port=3306;dbname=yitaibi;charset=utf8mb4
[ sql ] [ SQL ] SHOW COLUMNS FROM `jb_theme_file` [ RunTime:0.000755s ]
[ sql ] [ SQL ] SELECT `more` FROM `jb_theme_file` WHERE  `theme` = 'simpleboot3'  AND (  `is_public` = 1 OR `file` = 'start_game/login' ) [ RunTime:0.000349s ]
---------------------------------------------------------------
[ 2018-09-23T16:27:49+08:00 ] 117.181.251.158 POST /yitaibi_ml3k9o/public/index.php/start_game/register/login.html
[ sql ] [ DB ] CONNECT:[ UseTime:0.000654s ] mysql:host=localhost;port=3306;dbname=yitaibi;charset=utf8mb4
[ sql ] [ SQL ] SHOW COLUMNS FROM `jb_register` [ RunTime:0.000804s ]
[ sql ] [ SQL ] SELECT * FROM `jb_register` WHERE  `phone` = '18028730274' LIMIT 1 [ RunTime:0.000414s ]
[ sql ] [ SQL ] SELECT * FROM `jb_register` WHERE  `phone` = '18028730274' LIMIT 1 [ RunTime:0.000229s ]
[ sql ] [ SQL ] UPDATE `jb_register`  SET `randcookie`='1537691269'  WHERE  `phone` = '18028730274' [ RunTime:0.002889s ]
---------------------------------------------------------------
[ 2018-09-23T16:27:50+08:00 ] 117.181.251.158 GET /yitaibi_ml3k9o/public/index.php/start_game/questions/getglobalinfo.html
[ sql ] [ DB ] CONNECT:[ UseTime:0.000589s ] mysql:host=localhost;port=3306;dbname=yitaibi;charset=utf8mb4
[ sql ] [ SQL ] SHOW COLUMNS FROM `jb_register` [ RunTime:0.000750s ]
[ sql ] [ SQL ] SELECT * FROM `jb_register` WHERE  `phone` = '18028730274' LIMIT 1 [ RunTime:0.000419s ]
[ sql ] [ SQL ] SHOW COLUMNS FROM `jb_activity` [ RunTime:0.000546s ]
[ sql ] [ SQL ] SELECT * FROM `jb_activity` WHERE  `status` = 1 ORDER BY `stime` DESC LIMIT 1 [ RunTime:0.000195s ]
[ sql ] [ SQL ] SHOW COLUMNS FROM `jb_theme_file` [ RunTime:0.000500s ]
[ sql ] [ SQL ] SELECT `more` FROM `jb_theme_file` WHERE  `theme` = 'simpleboot3'  AND (  `is_public` = 1 OR `file` = 'start_game/home' ) [ RunTime:0.000180s ]
---------------------------------------------------------------
[ 2018-09-23T16:27:55+08:00 ] 117.181.251.158 GET /yitaibi_ml3k9o/public/index.php/start_game/center/center.html
[ sql ] [ DB ] CONNECT:[ UseTime:0.000655s ] mysql:host=localhost;port=3306;dbname=yitaibi;charset=utf8mb4
[ sql ] [ SQL ] SHOW COLUMNS FROM `jb_register` [ RunTime:0.000793s ]
[ sql ] [ SQL ] SELECT * FROM `jb_register` WHERE  `phone` = '18028730274' LIMIT 1 [ RunTime:0.000248s ]
[ sql ] [ SQL ] SELECT `name`,`invite_code`,`eth`,`answer_card`,`revive_card`,`head_img` FROM `jb_register` WHERE  `phone` = '18028730274' LIMIT 1 [ RunTime:0.000356s ]
[ sql ] [ SQL ] SHOW COLUMNS FROM `jb_theme_file` [ RunTime:0.000542s ]
[ sql ] [ SQL ] SELECT `more` FROM `jb_theme_file` WHERE  `theme` = 'simpleboot3'  AND (  `is_public` = 1 OR `file` = 'start_game/center' ) [ RunTime:0.000287s ]
---------------------------------------------------------------
[ 2018-09-23T16:28:06+08:00 ] 117.181.251.158 GET /yitaibi_ml3k9o/public/index.php/start_game/questions/getglobalinfo.html
[ sql ] [ DB ] CONNECT:[ UseTime:0.000565s ] mysql:host=localhost;port=3306;dbname=yitaibi;charset=utf8mb4
[ sql ] [ SQL ] SHOW COLUMNS FROM `jb_register` [ RunTime:0.000839s ]
[ sql ] [ SQL ] SELECT * FROM `jb_register` WHERE  `phone` = '18028730274' LIMIT 1 [ RunTime:0.000251s ]
[ sql ] [ SQL ] SHOW COLUMNS FROM `jb_activity` [ RunTime:0.000618s ]
[ sql ] [ SQL ] SELECT * FROM `jb_activity` WHERE  `status` = 1 ORDER BY `stime` DESC LIMIT 1 [ RunTime:0.000205s ]
[ sql ] [ SQL ] SHOW COLUMNS FROM `jb_theme_file` [ RunTime:0.000548s ]
[ sql ] [ SQL ] SELECT `more` FROM `jb_theme_file` WHERE  `theme` = 'simpleboot3'  AND (  `is_public` = 1 OR `file` = 'start_game/home' ) [ RunTime:0.000213s ]
---------------------------------------------------------------
[ 2018-09-23T16:28:07+08:00 ] 117.181.251.158 GET /yitaibi_ml3k9o/public/index.php/start_game/register/login.html
[ sql ] [ DB ] CONNECT:[ UseTime:0.000669s ] mysql:host=localhost;port=3306;dbname=yitaibi;charset=utf8mb4
[ sql ] [ SQL ] SHOW COLUMNS FROM `jb_theme_file` [ RunTime:0.000761s ]
[ sql ] [ SQL ] SELECT `more` FROM `jb_theme_file` WHERE  `theme` = 'simpleboot3'  AND (  `is_public` = 1 OR `file` = 'start_game/login' ) [ RunTime:0.000223s ]
---------------------------------------------------------------
[ 2018-09-23T23:41:47+08:00 ] 18.136.211.222 GET /yitaibi_ml3k9o/public/index.php/start_game/questions/getglobalinfo.html
[ sql ] [ DB ] CONNECT:[ UseTime:0.000697s ] mysql:host=localhost;port=3306;dbname=yitaibi;charset=utf8mb4
[ sql ] [ SQL ] SHOW COLUMNS FROM `jb_register` [ RunTime:0.000892s ]
[ sql ] [ SQL ] SELECT * FROM `jb_register` WHERE  `phone` IS NULL LIMIT 1 [ RunTime:0.000413s ]
[ sql ] [ SQL ] SHOW COLUMNS FROM `jb_activity` [ RunTime:0.000764s ]
[ sql ] [ SQL ] SELECT * FROM `jb_activity` WHERE  `status` = 1 ORDER BY `stime` DESC LIMIT 1 [ RunTime:0.000327s ]
[ sql ] [ SQL ] SHOW COLUMNS FROM `jb_theme_file` [ RunTime:0.000653s ]
[ sql ] [ SQL ] SELECT `more` FROM `jb_theme_file` WHERE  `theme` = 'simpleboot3'  AND (  `is_public` = 1 OR `file` = 'start_game/home' ) [ RunTime:0.000297s ]
---------------------------------------------------------------
[ 2018-09-23T23:41:48+08:00 ] 18.136.211.222 GET /yitaibi_ml3k9o/public/index.php/start_game/register/login.html
[ sql ] [ DB ] CONNECT:[ UseTime:0.000684s ] mysql:host=localhost;port=3306;dbname=yitaibi;charset=utf8mb4
[ sql ] [ SQL ] SHOW COLUMNS FROM `jb_theme_file` [ RunTime:0.000815s ]
[ sql ] [ SQL ] SELECT `more` FROM `jb_theme_file` WHERE  `theme` = 'simpleboot3'  AND (  `is_public` = 1 OR `file` = 'start_game/login' ) [ RunTime:0.000307s ]
---------------------------------------------------------------
[ 2018-09-23T23:41:55+08:00 ] 18.136.211.222 GET /yitaibi_ml3k9o/public/index.php/start_game/questions/getglobalinfo.html
[ sql ] [ DB ] CONNECT:[ UseTime:0.000605s ] mysql:host=localhost;port=3306;dbname=yitaibi;charset=utf8mb4
[ sql ] [ SQL ] SHOW COLUMNS FROM `jb_register` [ RunTime:0.000732s ]
[ sql ] [ SQL ] SELECT * FROM `jb_register` WHERE  `phone` IS NULL LIMIT 1 [ RunTime:0.000226s ]
[ sql ] [ SQL ] SHOW COLUMNS FROM `jb_activity` [ RunTime:0.000576s ]
[ sql ] [ SQL ] SELECT * FROM `jb_activity` WHERE  `status` = 1 ORDER BY `stime` DESC LIMIT 1 [ RunTime:0.000209s ]
[ sql ] [ SQL ] SHOW COLUMNS FROM `jb_theme_file` [ RunTime:0.000523s ]
[ sql ] [ SQL ] SELECT `more` FROM `jb_theme_file` WHERE  `theme` = 'simpleboot3'  AND (  `is_public` = 1 OR `file` = 'start_game/home' ) [ RunTime:0.000196s ]
---------------------------------------------------------------
[ 2018-09-23T23:41:56+08:00 ] 18.136.211.222 GET /yitaibi_ml3k9o/public/index.php/start_game/register/login.html
[ sql ] [ DB ] CONNECT:[ UseTime:0.000669s ] mysql:host=localhost;port=3306;dbname=yitaibi;charset=utf8mb4
[ sql ] [ SQL ] SHOW COLUMNS FROM `jb_theme_file` [ RunTime:0.000764s ]
[ sql ] [ SQL ] SELECT `more` FROM `jb_theme_file` WHERE  `theme` = 'simpleboot3'  AND (  `is_public` = 1 OR `file` = 'start_game/login' ) [ RunTime:0.000224s ]
---------------------------------------------------------------
[ 2018-09-23T23:43:43+08:00 ] 221.13.1.27 GET /yitaibi_ml3k9o/public/index.php/start_game/questions/getglobalinfo.html
[ sql ] [ DB ] CONNECT:[ UseTime:0.000722s ] mysql:host=localhost;port=3306;dbname=yitaibi;charset=utf8mb4
[ sql ] [ SQL ] SHOW COLUMNS FROM `jb_register` [ RunTime:0.000843s ]
[ sql ] [ SQL ] SELECT * FROM `jb_register` WHERE  `phone` IS NULL LIMIT 1 [ RunTime:0.000202s ]
[ sql ] [ SQL ] SHOW COLUMNS FROM `jb_activity` [ RunTime:0.000683s ]
[ sql ] [ SQL ] SELECT * FROM `jb_activity` WHERE  `status` = 1 ORDER BY `stime` DESC LIMIT 1 [ RunTime:0.000197s ]
[ sql ] [ SQL ] SHOW COLUMNS FROM `jb_theme_file` [ RunTime:0.000652s ]
[ sql ] [ SQL ] SELECT `more` FROM `jb_theme_file` WHERE  `theme` = 'simpleboot3'  AND (  `is_public` = 1 OR `file` = 'start_game/home' ) [ RunTime:0.000169s ]
---------------------------------------------------------------
[ 2018-09-23T23:43:43+08:00 ] 221.13.1.27 GET /yitaibi_ml3k9o/public/index.php/start_game/register/login.html
[ sql ] [ DB ] CONNECT:[ UseTime:0.003563s ] mysql:host=localhost;port=3306;dbname=yitaibi;charset=utf8mb4
[ sql ] [ SQL ] SHOW COLUMNS FROM `jb_theme_file` [ RunTime:0.000973s ]
[ sql ] [ SQL ] SELECT `more` FROM `jb_theme_file` WHERE  `theme` = 'simpleboot3'  AND (  `is_public` = 1 OR `file` = 'start_game/login' ) [ RunTime:0.000209s ]
---------------------------------------------------------------
[ 2018-09-23T23:49:14+08:00 ] 52.71.155.178 GET /yitaibi_ml3k9o/public/index.php/start_game/register/login.html
[ sql ] [ DB ] CONNECT:[ UseTime:0.000647s ] mysql:host=localhost;port=3306;dbname=yitaibi;charset=utf8mb4
[ sql ] [ SQL ] SHOW COLUMNS FROM `jb_theme_file` [ RunTime:0.000772s ]
[ sql ] [ SQL ] SELECT `more` FROM `jb_theme_file` WHERE  `theme` = 'simpleboot3'  AND (  `is_public` = 1 OR `file` = 'start_game/login' ) [ RunTime:0.000224s ]
